 <doc>
<user>
<prename>Hans</prename>
<surname>Muster</surname>
</user>
</doc>
