<?xml version="1.0" encoding="UTF-8" standalone="yes"?>
<doc>
<user>
<prename>Hans</prename>
<surname>Muster</surname>
</user>
</doc>
