
<!--one comment here -->

<?xml version="1.0" encoding="UTF-8" standalone="yes"?>

<!--and another here -->

<doc>
    <user>
	<prename>Hans</prename>
	<surname>Muster</surname>
    </user>
</doc>
